<?xml version="1.0" encoding="utf-8"?><testsuites name="pytest tests"><testsuite name="pytest" errors="0" failures="0" skipped="0" tests="13" time="3.142" timestamp="2026-08-21T07:19:07.679694+00:00" hostname="agent-env-3336049d-c8bf-4f2b-9157-f5fbeef7d68f"><testcase classname="tests.test_mova_api" name="test_api_root" time="0.232" /><testcase classname="tests.test_mova_api" name="test_register_duplicate_rejected" time="0.405" /><testcase classname="tests.test_mova_api" name="test_login_invalid" time="0.111" /><testcase classname="tests.test_mova_api" name="test_auth_me" time="0.062" /><testcase classname="tests.test_mova_api" name="test_auth_me_unauth" time="0.122" /><testcase classname="tests.test_mova_api" name="test_safety_checkin" time="0.126" /><testcase classname="tests.test_mova_api" name="test_sos_create_and_admin_sees" time="0.539" /><testcase classname="tests.test_mova_api" name="test_location_update_and_admin_list" time="0.180" /><testcase classname="tests.test_mova_api" name="test_bugs_flow" time="0.196" /><testcase classname="tests.test_mova_api" name="test_transit_stops" time="0.104" /><testcase classname="tests.test_mova_api" name="test_transit_routes" time="0.262" /><testcase classname="tests.test_mova_api" name="test_police" time="0.195" /><testcase classname="tests.test_mova_api" name="test_logout" time="0.061" /></testsuite></testsuites>